20220901	08:23:27	3e3bc466-b9bd-42b0-8ee9-ead2efa9f07f	GET	/	https://www.google.com
20220901	08:23:27	45aa5ac7-28b5-480c-a99d-b9398aaa478e	OPTIONS	/	https://www.google.com
20220901	08:24:25	57b83f02-bfef-418b-87b3-cd8dc98fa9fd	OPTIONS	/	https://ca.yahoo.com
20220901	08:24:25	0da66d64-722b-48ed-81eb-62d051f103cc	GET	/	https://ca.yahoo.com
20220901	08:35:33	db99ad70-24f4-45ca-b735-508e6c9f9595	OPTIONS	/	https://ca.yahoo.com
20220901	08:35:33	aa4f8d6b-71a0-4cac-a273-1115faa66016	GET	/	https://ca.yahoo.com
20220901	08:38:08	df30977d-a253-414e-976a-04d9056fb789	OPTIONS	/	https://ca.yahoo.com
20220901	08:38:08	df89219d-2705-4837-ad31-56119162eab6	GET	/	https://ca.yahoo.com
20220901	15:50:01	2f3d6688-130b-4a71-9c3c-e47855fa68a5	POST	/users	undefined
20220901	15:59:16	a5dc5245-e78e-4d58-a265-02ba8259125c	POST	/users	undefined
20220901	17:10:38	fbd81411-c48f-459c-b031-89c4369def01	POST	/users	undefined
20220901	17:12:09	cf7e194f-e5bb-494c-9936-366666dd2986	POST	/users	undefined
20220901	17:16:47	5134364e-4d66-471c-b6d3-e8658bb939c5	POST	/users	undefined
20220902	11:48:58	3a7a38fb-0c60-45be-86c1-2ee1881ab517	GET	/users	http://localhost:3000
20220902	11:51:25	56a95206-8144-4a5d-9f55-cb904b9c9058	POST	/users	undefined
20220902	11:51:31	91addcaf-fe9d-4928-960e-f611070990bc	GET	/users	http://localhost:3000
20220902	11:51:48	4ac48a16-e261-455f-b152-0048dedc229c	POST	/users	undefined
20220902	11:51:51	f69b1ab2-5f5d-455c-b12e-85a8ab9c56aa	GET	/users	http://localhost:3000
20220902	12:01:09	635db7b7-6e51-4e04-8cc2-d013a51a45d4	GET	/users	http://localhost:3000
20220902	12:03:55	f7279bc8-a589-412d-8a4e-d3bc9d1b1ed8	GET	/users	http://localhost:3000
20220902	13:21:20	2d8e28f3-cbe7-4e2e-81a7-15a740db2785	GET	/users	http://localhost:3000
20220902	13:59:12	509454dc-00aa-481b-907d-fe70909ddf25	GET	/notes	http://localhost:3000
20220902	13:59:12	4b4abd4f-9d78-4b1b-945e-dec10fef20af	GET	/users	http://localhost:3000
20220902	13:59:15	65b494fe-4ea5-46bf-9fb3-2699e2546bac	GET	/notes	http://localhost:3000
20220902	15:23:00	99e158ba-4f2a-4cdb-976b-b1f2a5caa3d1	GET	/notes	http://localhost:3000
20220902	15:23:29	eddf9a8c-b5ce-44d0-a94d-9fe7b6d93ad6	OPTIONS	/notes	http://localhost:3000
20220902	15:23:29	4136c8a5-359f-4031-9d5e-d6242047f3be	POST	/notes	http://localhost:3000
20220902	15:23:29	bc549908-3134-4b33-8da8-a67c95facc74	GET	/notes	http://localhost:3000
20220902	15:25:05	1ac02fc9-45c7-4892-83f5-8fc928a6e05b	OPTIONS	/notes	http://localhost:3000
20220902	15:25:05	7ea8b149-fb29-4d58-b731-59a6b71d061e	PATCH	/notes	http://localhost:3000
20220902	15:25:05	ab6ac03e-da4b-49b0-b4ee-91ffa935c010	GET	/notes	http://localhost:3000
20220902	15:25:31	b7d2a477-caaf-4bb5-bad1-2f40c44f4c80	OPTIONS	/notes	http://localhost:3000
20220902	15:25:31	551a8ec1-1f27-468a-b130-bda05f5e71f5	POST	/notes	http://localhost:3000
20220902	15:25:31	37e69ae6-c1d0-4213-81ba-65eb5623fa54	GET	/notes	http://localhost:3000
20220902	15:26:06	e846caf7-1000-4c45-80cd-2c207fe23406	OPTIONS	/users	http://localhost:3000
20220902	15:26:06	652a0225-5b75-4d84-907d-f88c628cf4da	POST	/users	http://localhost:3000
20220902	15:26:06	24102e43-7c26-4658-ba78-6f64c20c1364	GET	/users	http://localhost:3000
20220902	15:26:14	6dbaec58-f13c-45d2-9b08-8d1a39f58a2f	GET	/users	http://localhost:3000
20220902	15:26:14	40faf4f5-4a92-4cc9-8a7b-45268de49327	GET	/notes	http://localhost:3000
20220903	11:00:43	7df8f4fb-784f-4340-b663-0b2f20dcb3b2	GET	/users	http://localhost:3000
20220903	11:00:43	53bc7c1d-c192-40b3-a223-95dfbf0423b6	GET	/notes	http://localhost:3000
20220903	11:20:12	bda3093a-bf3d-4438-a374-fbe435cd0de0	POST	/users	undefined
20220903	11:22:25	caf4511e-f797-4f08-8fcd-24fbb6b0eeb1	POST	/auth	undefined
20220903	11:33:55	3043963c-4010-4e75-bb1d-45d1578f8617	POST	/auth	undefined
20220903	11:49:25	b7d739a9-24f7-4175-a938-fd0abb7eac48	POST	/auth	undefined
20220903	11:51:07	dc304bf3-dc12-49de-b604-3ee478db5292	POST	/auth	undefined
20220903	11:53:14	3d8396eb-a5d3-4328-9615-1821dbe59c29	GET	/users	http://localhost:3000
20220903	11:53:14	0491a1f7-e495-415f-a81a-69c0d5f5c33a	GET	/notes	http://localhost:3000
20220903	11:54:36	5a26d137-9ec5-44db-98f7-bba89af69dbf	POST	/users	undefined
20220903	11:55:18	f2eb6507-5e9f-4699-ae7e-f62dda5e0496	GET	/users	http://localhost:3000
20220903	11:55:18	e6efd342-e5a3-413d-8eb2-178fbab3fc71	GET	/notes	http://localhost:3000
20220903	12:01:14	eecf01ac-9f09-4ac6-90fa-273bcc25dc45	POST	/auth	undefined
20220903	12:05:21	8d9d507f-cddf-41ba-9231-de21ba3f9ed2	POST	/auth	undefined
20220903	12:40:36	671834dc-ed5d-4f47-86f9-f6035d365d11	POST	/auth	undefined
20220903	12:41:21	a9dcf0a2-cc95-42dd-b257-1e9ef36c3cd7	POST	/auth	undefined
20220903	12:44:09	d68f1a29-df43-41c7-88b7-bdce27abf64a	GET	/auth/refresh	undefined
20220903	12:44:18	cb613098-71cb-44d9-a290-090b149c7eb7	GET	/auth/refresh	undefined
20220903	12:44:19	c1fe6187-8690-4bbc-ab15-ccd56bb217cf	GET	/auth/refresh	undefined
20220903	12:44:20	f7745383-7f2d-4e63-be09-9165fcd21698	GET	/auth/refresh	undefined
20220903	12:44:21	048d3dc5-d29e-481b-92b5-843abd09ef7c	GET	/auth/refresh	undefined
20220903	12:44:56	064f0e2f-065a-4172-9df1-f3262a197766	GET	/auth/logout	undefined
20220903	12:44:56	9a72c8d1-2a00-4b96-a6d4-cf4e87bcd826	GET	/auth/css/style.css	undefined
20220903	12:45:12	e4815992-210a-4a52-906b-f321c7dcc22f	POST	/auth/logout	undefined
